<?xml version="1.0" encoding="UTF-8"?>
<coverage generated="1766022193987" clover="3.2.0">
  <project timestamp="1766022193987" name="All files">
    <metrics statements="28" coveredstatements="28" conditionals="6" coveredconditionals="6" methods="12" coveredmethods="12" elements="46" coveredelements="46" complexity="0" loc="28" ncloc="28" packages="1" files="9" classes="9"/>
    <file name="Arm.js" path="C:\Users\Lenovo\VSC\JS\RPG-game\src\js\weapons\Arm.js">
      <metrics statements="1" coveredstatements="1" conditionals="0" coveredconditionals="0" methods="1" coveredmethods="1"/>
      <line num="4" count="2" type="stmt"/>
    </file>
    <file name="Axe.js" path="C:\Users\Lenovo\VSC\JS\RPG-game\src\js\weapons\Axe.js">
      <metrics statements="3" coveredstatements="3" conditionals="0" coveredconditionals="0" methods="1" coveredmethods="1"/>
      <line num="6" count="1" type="stmt"/>
      <line num="7" count="1" type="stmt"/>
      <line num="8" count="1" type="stmt"/>
    </file>
    <file name="Bow.js" path="C:\Users\Lenovo\VSC\JS\RPG-game\src\js\weapons\Bow.js">
      <metrics statements="1" coveredstatements="1" conditionals="0" coveredconditionals="0" methods="1" coveredmethods="1"/>
      <line num="6" count="2" type="stmt"/>
    </file>
    <file name="Knife.js" path="C:\Users\Lenovo\VSC\JS\RPG-game\src\js\weapons\Knife.js">
      <metrics statements="1" coveredstatements="1" conditionals="0" coveredconditionals="0" methods="1" coveredmethods="1"/>
      <line num="6" count="1" type="stmt"/>
    </file>
    <file name="LongBow.js" path="C:\Users\Lenovo\VSC\JS\RPG-game\src\js\weapons\LongBow.js">
      <metrics statements="3" coveredstatements="3" conditionals="0" coveredconditionals="0" methods="1" coveredmethods="1"/>
      <line num="6" count="1" type="stmt"/>
      <line num="7" count="1" type="stmt"/>
      <line num="8" count="1" type="stmt"/>
    </file>
    <file name="Staff.js" path="C:\Users\Lenovo\VSC\JS\RPG-game\src\js\weapons\Staff.js">
      <metrics statements="1" coveredstatements="1" conditionals="0" coveredconditionals="0" methods="1" coveredmethods="1"/>
      <line num="6" count="2" type="stmt"/>
    </file>
    <file name="StormStaff.js" path="C:\Users\Lenovo\VSC\JS\RPG-game\src\js\weapons\StormStaff.js">
      <metrics statements="3" coveredstatements="3" conditionals="0" coveredconditionals="0" methods="1" coveredmethods="1"/>
      <line num="6" count="1" type="stmt"/>
      <line num="7" count="1" type="stmt"/>
      <line num="8" count="1" type="stmt"/>
    </file>
    <file name="Sword.js" path="C:\Users\Lenovo\VSC\JS\RPG-game\src\js\weapons\Sword.js">
      <metrics statements="1" coveredstatements="1" conditionals="0" coveredconditionals="0" methods="1" coveredmethods="1"/>
      <line num="6" count="2" type="stmt"/>
    </file>
    <file name="Weapon.js" path="C:\Users\Lenovo\VSC\JS\RPG-game\src\js\weapons\Weapon.js">
      <metrics statements="14" coveredstatements="14" conditionals="6" coveredconditionals="6" methods="4" coveredmethods="4"/>
      <line num="3" count="17" type="stmt"/>
      <line num="4" count="17" type="stmt"/>
      <line num="5" count="17" type="stmt"/>
      <line num="6" count="17" type="stmt"/>
      <line num="7" count="17" type="stmt"/>
      <line num="11" count="6" type="stmt"/>
      <line num="12" count="6" type="cond" truecount="2" falsecount="0"/>
      <line num="13" count="1" type="stmt"/>
      <line num="18" count="3" type="cond" truecount="2" falsecount="0"/>
      <line num="19" count="1" type="stmt"/>
      <line num="21" count="2" type="cond" truecount="2" falsecount="0"/>
      <line num="22" count="1" type="stmt"/>
      <line num="25" count="1" type="stmt"/>
      <line num="29" count="6" type="stmt"/>
    </file>
  </project>
</coverage>
