{"C:\\Users\\Lenovo\\VSC\\JS\\RPG-game\\src\\js\\weapons\\Arm.js": {"path":"C:\\Users\\Lenovo\\VSC\\JS\\RPG-game\\src\\js\\weapons\\Arm.js","statementMap":{"0":{"start":{"line":4,"column":8},"end":{"line":4,"column":38}}},"fnMap":{"0":{"name":"(anonymous_0)","decl":{"start":{"line":3,"column":4},"end":{"line":3,"column":5}},"loc":{"start":{"line":3,"column":18},"end":{"line":5,"column":5}},"line":3}},"branchMap":{},"s":{"0":2},"f":{"0":2},"b":{},"_coverageSchema":"1a1c01bbd47fc00a2c39e90264f33305004495a9","hash":"67f683fdb11aaba461adb699463a7f9593c56d43"}
,"C:\\Users\\Lenovo\\VSC\\JS\\RPG-game\\src\\js\\weapons\\Axe.js": {"path":"C:\\Users\\Lenovo\\VSC\\JS\\RPG-game\\src\\js\\weapons\\Axe.js","statementMap":{"0":{"start":{"line":6,"column":8},"end":{"line":6,"column":16}},"1":{"start":{"line":7,"column":8},"end":{"line":7,"column":28}},"2":{"start":{"line":8,"column":8},"end":{"line":8,"column":25}}},"fnMap":{"0":{"name":"(anonymous_0)","decl":{"start":{"line":4,"column":4},"end":{"line":4,"column":5}},"loc":{"start":{"line":4,"column":18},"end":{"line":9,"column":5}},"line":4}},"branchMap":{},"s":{"0":1,"1":1,"2":1},"f":{"0":1},"b":{},"_coverageSchema":"1a1c01bbd47fc00a2c39e90264f33305004495a9","hash":"616675b2d059c3752bc783b7356eb903e8857d24"}
,"C:\\Users\\Lenovo\\VSC\\JS\\RPG-game\\src\\js\\weapons\\Bow.js": {"path":"C:\\Users\\Lenovo\\VSC\\JS\\RPG-game\\src\\js\\weapons\\Bow.js","statementMap":{"0":{"start":{"line":6,"column":8},"end":{"line":6,"column":33}}},"fnMap":{"0":{"name":"(anonymous_0)","decl":{"start":{"line":4,"column":4},"end":{"line":4,"column":5}},"loc":{"start":{"line":4,"column":18},"end":{"line":7,"column":5}},"line":4}},"branchMap":{},"s":{"0":2},"f":{"0":2},"b":{},"_coverageSchema":"1a1c01bbd47fc00a2c39e90264f33305004495a9","hash":"595c943e75156f8762d1a89f12a27f62c43f5024"}
,"C:\\Users\\Lenovo\\VSC\\JS\\RPG-game\\src\\js\\weapons\\Knife.js": {"path":"C:\\Users\\Lenovo\\VSC\\JS\\RPG-game\\src\\js\\weapons\\Knife.js","statementMap":{"0":{"start":{"line":6,"column":8},"end":{"line":6,"column":31}}},"fnMap":{"0":{"name":"(anonymous_0)","decl":{"start":{"line":4,"column":4},"end":{"line":4,"column":5}},"loc":{"start":{"line":4,"column":18},"end":{"line":7,"column":5}},"line":4}},"branchMap":{},"s":{"0":1},"f":{"0":1},"b":{},"_coverageSchema":"1a1c01bbd47fc00a2c39e90264f33305004495a9","hash":"0593534ddb7a0a740402372a594a6ad13f36dd0a"}
,"C:\\Users\\Lenovo\\VSC\\JS\\RPG-game\\src\\js\\weapons\\LongBow.js": {"path":"C:\\Users\\Lenovo\\VSC\\JS\\RPG-game\\src\\js\\weapons\\LongBow.js","statementMap":{"0":{"start":{"line":6,"column":8},"end":{"line":6,"column":16}},"1":{"start":{"line":7,"column":8},"end":{"line":7,"column":34}},"2":{"start":{"line":8,"column":8},"end":{"line":8,"column":23}}},"fnMap":{"0":{"name":"(anonymous_0)","decl":{"start":{"line":4,"column":4},"end":{"line":4,"column":5}},"loc":{"start":{"line":4,"column":18},"end":{"line":9,"column":5}},"line":4}},"branchMap":{},"s":{"0":1,"1":1,"2":1},"f":{"0":1},"b":{},"_coverageSchema":"1a1c01bbd47fc00a2c39e90264f33305004495a9","hash":"f04a882768104d0bd50c4abe36938034ecab704c"}
,"C:\\Users\\Lenovo\\VSC\\JS\\RPG-game\\src\\js\\weapons\\Staff.js": {"path":"C:\\Users\\Lenovo\\VSC\\JS\\RPG-game\\src\\js\\weapons\\Staff.js","statementMap":{"0":{"start":{"line":6,"column":8},"end":{"line":6,"column":33}}},"fnMap":{"0":{"name":"(anonymous_0)","decl":{"start":{"line":4,"column":4},"end":{"line":4,"column":5}},"loc":{"start":{"line":4,"column":18},"end":{"line":7,"column":5}},"line":4}},"branchMap":{},"s":{"0":2},"f":{"0":2},"b":{},"_coverageSchema":"1a1c01bbd47fc00a2c39e90264f33305004495a9","hash":"ea0ec1e86bf014c9e6acc2c6d2814fe912a51d30"}
,"C:\\Users\\Lenovo\\VSC\\JS\\RPG-game\\src\\js\\weapons\\StormStaff.js": {"path":"C:\\Users\\Lenovo\\VSC\\JS\\RPG-game\\src\\js\\weapons\\StormStaff.js","statementMap":{"0":{"start":{"line":6,"column":8},"end":{"line":6,"column":16}},"1":{"start":{"line":7,"column":8},"end":{"line":7,"column":38}},"2":{"start":{"line":8,"column":8},"end":{"line":8,"column":25}}},"fnMap":{"0":{"name":"(anonymous_0)","decl":{"start":{"line":4,"column":4},"end":{"line":4,"column":5}},"loc":{"start":{"line":4,"column":18},"end":{"line":9,"column":5}},"line":4}},"branchMap":{},"s":{"0":1,"1":1,"2":1},"f":{"0":1},"b":{},"_coverageSchema":"1a1c01bbd47fc00a2c39e90264f33305004495a9","hash":"b06f050f0b7dd59a0f5ab3bf6d430431fd9e9af9"}
,"C:\\Users\\Lenovo\\VSC\\JS\\RPG-game\\src\\js\\weapons\\Sword.js": {"path":"C:\\Users\\Lenovo\\VSC\\JS\\RPG-game\\src\\js\\weapons\\Sword.js","statementMap":{"0":{"start":{"line":6,"column":8},"end":{"line":6,"column":33}}},"fnMap":{"0":{"name":"(anonymous_0)","decl":{"start":{"line":4,"column":4},"end":{"line":4,"column":5}},"loc":{"start":{"line":4,"column":18},"end":{"line":7,"column":5}},"line":4}},"branchMap":{},"s":{"0":2},"f":{"0":2},"b":{},"_coverageSchema":"1a1c01bbd47fc00a2c39e90264f33305004495a9","hash":"b66c67fcde2af263db6f5542c6dd188598a7814a"}
,"C:\\Users\\Lenovo\\VSC\\JS\\RPG-game\\src\\js\\weapons\\Weapon.js": {"path":"C:\\Users\\Lenovo\\VSC\\JS\\RPG-game\\src\\js\\weapons\\Weapon.js","statementMap":{"0":{"start":{"line":3,"column":8},"end":{"line":3,"column":25}},"1":{"start":{"line":4,"column":8},"end":{"line":4,"column":29}},"2":{"start":{"line":5,"column":8},"end":{"line":5,"column":37}},"3":{"start":{"line":6,"column":8},"end":{"line":6,"column":44}},"4":{"start":{"line":7,"column":8},"end":{"line":7,"column":27}},"5":{"start":{"line":11,"column":8},"end":{"line":11,"column":34}},"6":{"start":{"line":12,"column":8},"end":{"line":14,"column":9}},"7":{"start":{"line":13,"column":12},"end":{"line":13,"column":32}},"8":{"start":{"line":18,"column":8},"end":{"line":20,"column":9}},"9":{"start":{"line":19,"column":12},"end":{"line":19,"column":21}},"10":{"start":{"line":21,"column":8},"end":{"line":23,"column":9}},"11":{"start":{"line":22,"column":12},"end":{"line":22,"column":31}},"12":{"start":{"line":25,"column":8},"end":{"line":25,"column":31}},"13":{"start":{"line":29,"column":8},"end":{"line":29,"column":36}}},"fnMap":{"0":{"name":"(anonymous_0)","decl":{"start":{"line":2,"column":4},"end":{"line":2,"column":5}},"loc":{"start":{"line":2,"column":49},"end":{"line":8,"column":5}},"line":2},"1":{"name":"(anonymous_1)","decl":{"start":{"line":10,"column":4},"end":{"line":10,"column":5}},"loc":{"start":{"line":10,"column":23},"end":{"line":15,"column":5}},"line":10},"2":{"name":"(anonymous_2)","decl":{"start":{"line":17,"column":4},"end":{"line":17,"column":5}},"loc":{"start":{"line":17,"column":16},"end":{"line":26,"column":5}},"line":17},"3":{"name":"(anonymous_3)","decl":{"start":{"line":28,"column":4},"end":{"line":28,"column":5}},"loc":{"start":{"line":28,"column":15},"end":{"line":30,"column":5}},"line":28}},"branchMap":{"0":{"loc":{"start":{"line":12,"column":8},"end":{"line":14,"column":9}},"type":"if","locations":[{"start":{"line":12,"column":8},"end":{"line":14,"column":9}},{"start":{},"end":{}}],"line":12},"1":{"loc":{"start":{"line":18,"column":8},"end":{"line":20,"column":9}},"type":"if","locations":[{"start":{"line":18,"column":8},"end":{"line":20,"column":9}},{"start":{},"end":{}}],"line":18},"2":{"loc":{"start":{"line":21,"column":8},"end":{"line":23,"column":9}},"type":"if","locations":[{"start":{"line":21,"column":8},"end":{"line":23,"column":9}},{"start":{},"end":{}}],"line":21}},"s":{"0":17,"1":17,"2":17,"3":17,"4":17,"5":6,"6":6,"7":1,"8":3,"9":1,"10":2,"11":1,"12":1,"13":6},"f":{"0":17,"1":6,"2":3,"3":6},"b":{"0":[1,5],"1":[1,2],"2":[1,1]},"_coverageSchema":"1a1c01bbd47fc00a2c39e90264f33305004495a9","hash":"8ca4d83070aad269c12de6e1a22ee13d26c37d31"}
}
